2020-11-02 11:57:32 INFO::Initializing logger...
2020-11-02 11:57:32 INFO::Welcome to Dream.TK v0.8.4
2020-11-02 11:57:32 INFO::Running on 02-11-2020 11:57:32
2020-11-02 11:57:32 INFO::-------------------------------------------------
2020-11-02 11:57:32 INFO::Starting function imports...
2020-11-02 11:57:32 DEBUG::Imported ./www/busyIndicator.R
2020-11-02 11:57:32 DEBUG::Imported ./scripts/io_import_dreamtk/class_Database_MySQL.R
2020-11-02 11:57:32 DEBUG::Imported ./scripts/io_import_dreamtk/class_dataimporter_dreamtk.R
2020-11-02 11:57:32 DEBUG::Imported ./scripts/io_import_dreamtk/class_dataimporter_dreamtk_basicData.R
2020-11-02 11:57:32 DEBUG::Imported ./scripts/io_import_dreamtk/class_dataimporter_dreamtk_css3compss.R
2020-11-02 11:57:32 DEBUG::Imported ./scripts/io_import_dreamtk/class_dataimporter_dreamtk_fubpolynomial.R
2020-11-02 11:57:32 DEBUG::Imported ./scripts/io_import_dreamtk/class_dataimporter_dreamtk_fubpoulinhaddad2012.R
2020-11-02 11:57:32 DEBUG::Imported ./scripts/io_import_dreamtk/class_dataparser_dreamtk.R
2020-11-02 11:57:32 DEBUG::Imported ./scripts/io_import_dreamtk/killMySQLDBConnections.R
2020-11-02 11:57:32 DEBUG::Imported ./scripts/model/class_local_model.R
2020-11-02 11:57:32 DEBUG::Imported ./scripts/model/class_localmodel_css3compss.R
2020-11-02 11:57:32 DEBUG::Imported ./scripts/model/class_localmodel_fubpolynomial.R
2020-11-02 11:57:32 DEBUG::Imported ./scripts/model/class_localmodel_oed1storder.R
2020-11-02 11:57:32 DEBUG::Imported ./scripts/chemical_manager/class_chemical.R
2020-11-02 11:57:32 DEBUG::Imported ./scripts/chemical_manager/class_chemical_manager.R
2020-11-02 11:57:32 DEBUG::Imported ./scripts/chemical_manager/printFunctions.R
2020-11-02 11:57:32 DEBUG::Imported ./scripts/analysis/class_analysis_BasicAnalysis.R
2020-11-02 11:57:32 DEBUG::Imported ./scripts/analysis/class_analysis_BERAnalysis.r
2020-11-02 11:57:32 DEBUG::Imported ./scripts/analysis/class_analysis_BERData.r
2020-11-02 11:57:32 DEBUG::Imported ./scripts/analysis/class_analysis_data.R
2020-11-02 11:57:32 DEBUG::Imported ./scripts/analysis/class_analysis_GenTox.R
2020-11-02 11:57:32 DEBUG::Imported ./scripts/analysis/class_analysis_MFA.R
2020-11-02 11:57:33 DEBUG::Imported ./scripts/analysis/multiplot.R
2020-11-02 11:57:33 DEBUG::Imported ./app/app_server.R
2020-11-02 11:57:33 DEBUG::Imported ./app/app_server_old.R
2020-11-02 11:57:33 DEBUG::Imported ./app/app_support.R
2020-11-02 11:57:33 DEBUG::Imported ./app/app_tutorial.R
2020-11-02 11:57:33 DEBUG::Imported ./app/app_ui.R
2020-11-02 11:57:36 INFO::Importing from R data file ...
2020-11-02 11:57:36 INFO::Importing dreamtk v1.0 chemical data...
2020-11-02 11:57:37 DEBUG::DataImporter.dreamtk found and loaded chemical_data data.
2020-11-02 11:57:37 INFO::Importing dreamtk v1.0 physiology data...
2020-11-02 11:57:38 DEBUG::DataImporter.dreamtk found and loaded physiology_data data.
2020-11-02 11:57:38 INFO::Importing dreamtk v1.0 assay info...
2020-11-02 11:57:40 DEBUG::DataImporter.dreamtk found and loaded ac50_data data.
2020-11-02 11:57:43 DEBUG::DataImporter.dreamtk found and loaded assay_data data.
2020-11-02 11:57:44 INFO::Importing from R data file ...
2020-11-02 11:57:44 INFO::Importing dreamtk v1.0 CPDat data...
2020-11-02 11:57:45 DEBUG::DataImporter.dreamtk found and loaded cpdat_data data.
2020-11-02 11:57:45 INFO::Importing dreamtk v1.0 Sheds data...
2020-11-02 11:57:46 DEBUG::DataImporter.dreamtk found and loaded shedsinfo_data data.
2020-11-02 11:57:46 INFO::Importing GenTox21 data...
2020-11-02 11:57:46 DEBUG::DataImporter.dreamtk found and loaded gen_tox_data data.
2020-11-02 11:57:46 DEBUG::DataImporter.dreamtk found and loaded bmd_data data.
2020-11-02 11:57:46 DEBUG::ChemicalManager$sortChemicalsByValueList(): Nothing to sort.
2020-11-02 12:00:18 DEBUG::Parsing chemical list...
2020-11-02 12:00:19 DEBUG::ChemicalManager$addChemical(): Added valid Chemicals from list.
2020-11-02 12:00:19 INFO::Importing dreamtk v1.0 3compss model data from RData file...
2020-11-02 12:00:20 DEBUG::DataImporter.dreamtk found and loaded model_3css_data data.
2020-11-02 12:00:20 INFO::LocalModel$getAttachedModel(): Found attached model to return.
2020-11-02 12:00:20 INFO::Importing dreamtk v1.0 FubPolynomial model data from RData file...
2020-11-02 12:00:21 DEBUG::DataImporter.dreamtk found and loaded kow_data data.
2020-11-02 12:00:22 DEBUG::DataImporter.dreamtk found and loaded pka_data data.
2020-11-02 12:00:22 INFO::Calculating 3 compartment steady state Css values for 66-27-3
2020-11-02 12:00:22 INFO::Css: Success!
2020-11-02 12:00:22 INFO::Calculating 3 compartment steady state Css values for 33419-42-0
2020-11-02 12:00:22 INFO::Css: Success!
2020-11-02 12:00:22 INFO::Calculating Oral Equivalent Doses for 66-27-3
2020-11-02 12:00:22 WARNING::LocalModel.OED1storder$getAc50FromChemical(): Ac50 values below cutoff were ignored. 
                OED for these assays will be NA.
2020-11-02 12:00:22 INFO::66-27-3: OED values calculated and saved to oed.1storder. 1 values saved.
2020-11-02 12:00:22 INFO::Calculating Oral Equivalent Doses for 33419-42-0
2020-11-02 12:00:23 WARNING::LocalModel.OED1storder$getAc50FromChemical(): Ac50 values below cutoff were ignored. 
                OED for these assays will be NA.
2020-11-02 12:00:23 INFO::33419-42-0: OED values calculated and saved to oed.1storder. 46 values saved.
2020-11-02 12:00:23 WARNING::ChemicalManager$getListOfChemicalsByName(): No character vector for names provided. Empty list returned!
2020-11-02 12:00:23 WARNING::ChemicalManager$getListOfChemicals(): No character vector for casn provided. Empty list returned!
2020-11-02 12:00:38 INFO::Building GeneTox table
2020-11-02 12:00:38 INFO::Creating GeneTox plots
2020-11-02 12:00:58 INFO::Building GeneTox table
2020-11-02 12:00:58 INFO::Creating GeneTox plots
