2020-10-28 11:06:00 INFO::Initializing logger...
2020-10-28 11:06:00 INFO::Welcome to Dream.TK v0.8.4
2020-10-28 11:06:00 INFO::Running on 28-10-2020 11:06:00
2020-10-28 11:06:00 INFO::-------------------------------------------------
2020-10-28 11:06:00 INFO::Starting function imports...
2020-10-28 11:06:00 DEBUG::Imported ./www/busyIndicator.R
2020-10-28 11:06:00 DEBUG::Imported ./scripts/io_import_dreamtk/class_Database_MySQL.R
2020-10-28 11:06:00 DEBUG::Imported ./scripts/io_import_dreamtk/class_dataimporter_dreamtk.R
2020-10-28 11:06:00 DEBUG::Imported ./scripts/io_import_dreamtk/class_dataimporter_dreamtk_basicData.R
2020-10-28 11:06:00 DEBUG::Imported ./scripts/io_import_dreamtk/class_dataimporter_dreamtk_css3compss.R
2020-10-28 11:06:00 DEBUG::Imported ./scripts/io_import_dreamtk/class_dataimporter_dreamtk_fubpolynomial.R
2020-10-28 11:06:00 DEBUG::Imported ./scripts/io_import_dreamtk/class_dataimporter_dreamtk_fubpoulinhaddad2012.R
2020-10-28 11:06:00 DEBUG::Imported ./scripts/io_import_dreamtk/class_dataparser_dreamtk.R
2020-10-28 11:06:00 DEBUG::Imported ./scripts/io_import_dreamtk/killMySQLDBConnections.R
2020-10-28 11:06:00 DEBUG::Imported ./scripts/model/class_local_model.R
2020-10-28 11:06:00 DEBUG::Imported ./scripts/model/class_localmodel_css3compss.R
2020-10-28 11:06:00 DEBUG::Imported ./scripts/model/class_localmodel_fubpolynomial.R
2020-10-28 11:06:00 DEBUG::Imported ./scripts/model/class_localmodel_oed1storder.R
2020-10-28 11:06:00 DEBUG::Imported ./scripts/chemical_manager/class_chemical.R
2020-10-28 11:06:00 DEBUG::Imported ./scripts/chemical_manager/class_chemical_manager.R
2020-10-28 11:06:00 DEBUG::Imported ./scripts/chemical_manager/printFunctions.R
2020-10-28 11:06:00 DEBUG::Imported ./scripts/analysis/class_analysis_BasicAnalysis.R
2020-10-28 11:06:00 DEBUG::Imported ./scripts/analysis/class_analysis_BERAnalysis.r
2020-10-28 11:06:00 DEBUG::Imported ./scripts/analysis/class_analysis_BERData.r
2020-10-28 11:06:00 DEBUG::Imported ./scripts/analysis/class_analysis_data.R
2020-10-28 11:06:00 DEBUG::Imported ./scripts/analysis/class_analysis_GenTox.R
2020-10-28 11:06:00 DEBUG::Imported ./scripts/analysis/class_analysis_MFA.R
2020-10-28 11:06:00 DEBUG::Imported ./scripts/analysis/multiplot.R
2020-10-28 11:06:00 DEBUG::Imported ./app/app_server.R
2020-10-28 11:06:00 DEBUG::Imported ./app/app_server_old.R
2020-10-28 11:06:00 DEBUG::Imported ./app/app_support.R
2020-10-28 11:06:01 DEBUG::Imported ./app/app_tutorial.R
2020-10-28 11:06:01 DEBUG::Imported ./app/app_ui.R
2020-10-28 11:06:03 INFO::Importing from R data file ...
2020-10-28 11:06:03 INFO::Importing dreamtk v1.0 chemical data...
2020-10-28 11:06:04 DEBUG::DataImporter.dreamtk found and loaded chemical_data data.
2020-10-28 11:06:04 INFO::Importing dreamtk v1.0 physiology data...
2020-10-28 11:06:05 DEBUG::DataImporter.dreamtk found and loaded physiology_data data.
2020-10-28 11:06:05 INFO::Importing dreamtk v1.0 assay info...
2020-10-28 11:06:05 DEBUG::DataImporter.dreamtk found and loaded ac50_data data.
2020-10-28 11:06:08 DEBUG::DataImporter.dreamtk found and loaded assay_data data.
2020-10-28 11:06:09 INFO::Importing from R data file ...
2020-10-28 11:06:09 INFO::Importing dreamtk v1.0 CPDat data...
2020-10-28 11:06:10 DEBUG::DataImporter.dreamtk found and loaded cpdat_data data.
2020-10-28 11:06:10 INFO::Importing dreamtk v1.0 Sheds data...
2020-10-28 11:06:10 DEBUG::DataImporter.dreamtk found and loaded shedsinfo_data data.
2020-10-28 11:06:10 INFO::Importing GenTox21 data...
2020-10-28 11:06:10 DEBUG::DataImporter.dreamtk found and loaded gen_tox_data data.
2020-10-28 11:06:10 DEBUG::DataImporter.dreamtk found and loaded bmd_data data.
2020-10-28 11:06:10 DEBUG::ChemicalManager$sortChemicalsByValueList(): Nothing to sort.
